TN:
SF:src/infrastructure/auth.js
FNF:0
FNH:0
DA:6,2
DA:8,2
LF:2
LH:2
BRDA:20,0,0,2
BRDA:20,0,1,0
BRDA:21,1,0,2
BRDA:21,1,1,0
BRDA:29,2,0,2
BRDA:29,2,1,0
BRF:6
BRH:3
end_of_record
TN:
SF:src/services/email.js
FN:5,(anonymous_0)
FN:28,(anonymous_1)
FNF:2
FNH:0
FNDA:0,(anonymous_0)
FNDA:0,(anonymous_1)
DA:3,2
DA:5,2
DA:6,0
DA:7,0
DA:15,0
DA:16,0
DA:17,0
DA:20,0
DA:21,0
DA:23,0
DA:24,0
DA:28,2
DA:29,0
DA:30,0
DA:44,0
DA:56,0
LF:16
LH:3
BRDA:3,0,0,2
BRDA:3,0,1,1
BRDA:8,1,0,0
BRDA:8,1,1,0
BRDA:15,2,0,0
BRDA:15,2,1,0
BRDA:33,3,0,0
BRDA:33,3,1,0
BRDA:47,4,0,0
BRDA:47,4,1,0
BRF:10
BRH:2
end_of_record
